<?xml version="1.0" encoding="UTF-8"?>
<!-- Generated by org.testng.reporters.JUnitXMLReporter -->
<testsuite ignored="0" hostname="LAPTOP-3PGSA2BD" failures="0" tests="4" name="Default test" time="28.13" errors="0" timestamp="2026-05-05T22:03:34 IST">
  <testcase classname="tests.RegistrationTest" name="verifyUserRegistration" time="3.769"/>
  <testcase classname="tests.RegistrationTest" name="verifyEmptySubmission" time="2.311"/>
  <testcase classname="tests.RegistrationTest" name="verifyInvalidEmail" time="3.957"/>
  <testcase classname="tests.RegistrationTest" name="verifyWeakPassword" time="3.979"/>
</testsuite> <!-- Default test -->
