<?xml version="1.0" encoding="UTF-8"?>
<testng-results ignored="0" total="4" passed="4" failed="0" skipped="0">
  <reporter-output>
  </reporter-output>
  <suite started-at="2026-05-05T22:03:06 IST" name="Default suite" finished-at="2026-05-05T22:03:34 IST" duration-ms="28130">
    <groups>
    </groups>
    <test started-at="2026-05-05T22:03:06 IST" name="Default test" finished-at="2026-05-05T22:03:34 IST" duration-ms="28130">
      <class name="tests.RegistrationTest">
        <test-method is-config="true" signature="setup()[pri:0, instance:tests.RegistrationTest@48f2bd5b]" started-at="2026-05-05T22:03:06 IST" name="setup" finished-at="2026-05-05T22:03:11 IST" duration-ms="4198" status="PASS">
          <reporter-output>
          </reporter-output>
        </test-method> <!-- setup -->
        <test-method is-config="true" signature="setupPage()[pri:0, instance:tests.RegistrationTest@48f2bd5b]" started-at="2026-05-05T22:03:11 IST" name="setupPage" finished-at="2026-05-05T22:03:11 IST" duration-ms="55" status="PASS">
          <reporter-output>
          </reporter-output>
        </test-method> <!-- setupPage -->
        <test-method signature="verifyUserRegistration()[pri:1, instance:tests.RegistrationTest@48f2bd5b]" started-at="2026-05-05T22:03:11 IST" name="verifyUserRegistration" finished-at="2026-05-05T22:03:14 IST" duration-ms="3769" status="PASS">
          <reporter-output>
          </reporter-output>
        </test-method> <!-- verifyUserRegistration -->
        <test-method is-config="true" signature="tearDown()[pri:0, instance:tests.RegistrationTest@48f2bd5b]" started-at="2026-05-05T22:03:14 IST" name="tearDown" finished-at="2026-05-05T22:03:15 IST" duration-ms="319" status="PASS">
          <reporter-output>
          </reporter-output>
        </test-method> <!-- tearDown -->
        <test-method is-config="true" signature="setup()[pri:0, instance:tests.RegistrationTest@48f2bd5b]" started-at="2026-05-05T22:03:15 IST" name="setup" finished-at="2026-05-05T22:03:18 IST" duration-ms="2906" status="PASS">
          <reporter-output>
          </reporter-output>
        </test-method> <!-- setup -->
        <test-method is-config="true" signature="setupPage()[pri:0, instance:tests.RegistrationTest@48f2bd5b]" started-at="2026-05-05T22:03:18 IST" name="setupPage" finished-at="2026-05-05T22:03:18 IST" duration-ms="3" status="PASS">
          <reporter-output>
          </reporter-output>
        </test-method> <!-- setupPage -->
        <test-method signature="verifyEmptySubmission()[pri:2, instance:tests.RegistrationTest@48f2bd5b]" started-at="2026-05-05T22:03:18 IST" name="verifyEmptySubmission" finished-at="2026-05-05T22:03:20 IST" duration-ms="2311" status="PASS">
          <reporter-output>
          </reporter-output>
        </test-method> <!-- verifyEmptySubmission -->
        <test-method is-config="true" signature="tearDown()[pri:0, instance:tests.RegistrationTest@48f2bd5b]" started-at="2026-05-05T22:03:20 IST" name="tearDown" finished-at="2026-05-05T22:03:20 IST" duration-ms="221" status="PASS">
          <reporter-output>
          </reporter-output>
        </test-method> <!-- tearDown -->
        <test-method is-config="true" signature="setup()[pri:0, instance:tests.RegistrationTest@48f2bd5b]" started-at="2026-05-05T22:03:20 IST" name="setup" finished-at="2026-05-05T22:03:23 IST" duration-ms="2914" status="PASS">
          <reporter-output>
          </reporter-output>
        </test-method> <!-- setup -->
        <test-method is-config="true" signature="setupPage()[pri:0, instance:tests.RegistrationTest@48f2bd5b]" started-at="2026-05-05T22:03:23 IST" name="setupPage" finished-at="2026-05-05T22:03:23 IST" duration-ms="1" status="PASS">
          <reporter-output>
          </reporter-output>
        </test-method> <!-- setupPage -->
        <test-method signature="verifyInvalidEmail()[pri:3, instance:tests.RegistrationTest@48f2bd5b]" started-at="2026-05-05T22:03:23 IST" name="verifyInvalidEmail" finished-at="2026-05-05T22:03:27 IST" duration-ms="3957" status="PASS">
          <reporter-output>
          </reporter-output>
        </test-method> <!-- verifyInvalidEmail -->
        <test-method is-config="true" signature="tearDown()[pri:0, instance:tests.RegistrationTest@48f2bd5b]" started-at="2026-05-05T22:03:27 IST" name="tearDown" finished-at="2026-05-05T22:03:27 IST" duration-ms="233" status="PASS">
          <reporter-output>
          </reporter-output>
        </test-method> <!-- tearDown -->
        <test-method is-config="true" signature="setup()[pri:0, instance:tests.RegistrationTest@48f2bd5b]" started-at="2026-05-05T22:03:27 IST" name="setup" finished-at="2026-05-05T22:03:30 IST" duration-ms="2961" status="PASS">
          <reporter-output>
          </reporter-output>
        </test-method> <!-- setup -->
        <test-method is-config="true" signature="setupPage()[pri:0, instance:tests.RegistrationTest@48f2bd5b]" started-at="2026-05-05T22:03:30 IST" name="setupPage" finished-at="2026-05-05T22:03:30 IST" duration-ms="2" status="PASS">
          <reporter-output>
          </reporter-output>
        </test-method> <!-- setupPage -->
        <test-method signature="verifyWeakPassword()[pri:4, instance:tests.RegistrationTest@48f2bd5b]" started-at="2026-05-05T22:03:30 IST" name="verifyWeakPassword" finished-at="2026-05-05T22:03:34 IST" duration-ms="3979" status="PASS">
          <reporter-output>
          </reporter-output>
        </test-method> <!-- verifyWeakPassword -->
        <test-method is-config="true" signature="tearDown()[pri:0, instance:tests.RegistrationTest@48f2bd5b]" started-at="2026-05-05T22:03:34 IST" name="tearDown" finished-at="2026-05-05T22:03:34 IST" duration-ms="217" status="PASS">
          <reporter-output>
          </reporter-output>
        </test-method> <!-- tearDown -->
      </class> <!-- tests.RegistrationTest -->
    </test> <!-- Default test -->
  </suite> <!-- Default suite -->
</testng-results>
