<?xml version="1.0" encoding="UTF-8"?>
<!-- Generated by org.testng.reporters.JUnitReportReporter -->
<testsuite hostname="LAPTOP-3PGSA2BD" failures="0" tests="4" name="tests.RegistrationTest" time="28.046" errors="0" timestamp="2026-05-05T22:03:35 IST" skipped="0">
  <testcase classname="tests.RegistrationTest" name="verifyUserRegistration" time="6.947"/>
  <testcase classname="tests.RegistrationTest" name="verifyEmptySubmission" time="6.731"/>
  <testcase classname="tests.RegistrationTest" name="verifyInvalidEmail" time="7.106"/>
  <testcase classname="tests.RegistrationTest" name="verifyWeakPassword" time="7.262"/>
</testsuite> <!-- tests.RegistrationTest -->
